<?xml version="1.0" encoding="UTF-8"?>
<!-- Generated by org.testng.reporters.JUnitReportReporter -->
<testsuite hostname="DLLHLX0011" failures="0" tests="1" name="testCases.TC_001_LoginTest" time="5.495" errors="0" timestamp="2023-05-30T17:48:04 IST" skipped="0">
  <testcase classname="testCases.TC_001_LoginTest" name="test_Login" time="5.495"/>
</testsuite> <!-- testCases.TC_001_LoginTest -->
